<?xml version="1.0" encoding="UTF-8"?>
<!-- Generated by org.testng.reporters.JUnitReportReporter -->
<testsuite hostname="DESKTOP-QUA52OO" failures="0" tests="4" name="Firstcry.login" time="5.497" errors="0" timestamp="2024-12-18T13:11:44 IST" skipped="0">
  <testcase classname="Firstcry.login" name="about" time="0.173"/>
  <testcase classname="Firstcry.login" name="login_email" time="0.143"/>
  <testcase classname="Firstcry.login" name="login_password" time="0.089"/>
  <testcase classname="Firstcry.login" name="signin" time="5.092"/>
</testsuite> <!-- Firstcry.login -->
